<?xml version="1.0" encoding="UTF-8"?>
<!-- Generated by org.testng.reporters.JUnitReportReporter -->
<testsuite hostname="DESKTOP-U4AOHCG" failures="0" tests="1" name="webapp_seleniumtest.selenium_website.LoginPageTest" time="13.134" errors="0" timestamp="28 Nov 2018 09:09:44 GMT" skipped="0">
  <testcase classname="webapp_seleniumtest.selenium_website.LoginPageTest" name="verifyLoginPage" time="13.134"/>
</testsuite> <!-- webapp_seleniumtest.selenium_website.LoginPageTest -->
